<?xml version="1.0" encoding="UTF-8"?>
<testng-results skipped="0" failed="0" total="1" passed="1">
  <reporter-output>
  </reporter-output>
  <suite name="Suite1" duration-ms="50" started-at="2016-07-07T16:01:05Z" finished-at="2016-07-07T16:01:05Z">
    <groups>
      <group name="functiontest">
        <method signature="GroupTest.testOpenPage()[pri:0, instance:testng.GroupTest@a48474]" name="testOpenPage" class="testng.GroupTest"/>
      </group> <!-- functiontest -->
    </groups>
    <test name="test1" duration-ms="50" started-at="2016-07-07T16:01:05Z" finished-at="2016-07-07T16:01:05Z">
      <class name="testng.GroupTest">
        <test-method status="PASS" signature="testOpenPage()[pri:0, instance:testng.GroupTest@a48474]" name="testOpenPage" duration-ms="23" started-at="2016-07-08T00:01:05Z" finished-at="2016-07-08T00:01:05Z">
          <reporter-output>
          </reporter-output>
        </test-method> <!-- testOpenPage -->
      </class> <!-- testng.GroupTest -->
    </test> <!-- test1 -->
  </suite> <!-- Suite1 -->
</testng-results>
