<?xml version="1.0" encoding="UTF-8"?>
<testng-results skipped="0" failed="0" total="1" passed="1">
  <reporter-output>
  </reporter-output>
  <suite name="Default suite" duration-ms="117" started-at="2016-07-10T06:40:47Z" finished-at="2016-07-10T06:40:47Z">
    <groups>
    </groups>
    <test name="Default test" duration-ms="117" started-at="2016-07-10T06:40:47Z" finished-at="2016-07-10T06:40:47Z">
      <class name="jmockit.state.TestStateMocked">
        <test-method status="PASS" signature="testMockNormalMethodContent()[pri:0, instance:jmockit.state.TestStateMocked@17d0008]" name="testMockNormalMethodContent" duration-ms="52" started-at="2016-07-10T14:40:47Z" finished-at="2016-07-10T14:40:47Z">
          <reporter-output>
          </reporter-output>
        </test-method> <!-- testMockNormalMethodContent -->
      </class> <!-- jmockit.state.TestStateMocked -->
    </test> <!-- Default test -->
  </suite> <!-- Default suite -->
</testng-results>
