<?xml version="1.0" encoding="UTF-8"?>
<!-- Generated by org.testng.reporters.JUnitXMLReporter -->
<testsuite hostname="berry-K42JZ" name="test12" tests="4" failures="0" timestamp="7 Jul 2016 15:55:11 GMT" time="0.078" errors="0">
  <testcase name="testLogin" time="0.025" classname="testng.GroupTest"/>
  <testcase name="testOpenPage" time="0.006" classname="testng.GroupTest"/>
  <testcase name="testException" time="0.002" classname="testng.ExceptionTest"/>
  <testcase name="TestNgLearn" time="0.002" classname="testng.TestNGLearn"/>
</testsuite> <!-- test12 -->
